{"name":"myapp","hostname":"DESKTOP-R5LL4IC","pid":13216,"level":30,"msg":"This is an informational message.","time":"2023-08-08T14:09:51.590Z","v":0}
{"name":"myapp","hostname":"DESKTOP-R5LL4IC","pid":13216,"level":30,"msg":"This is an informational message.","time":"2023-08-08T14:09:53.197Z","v":0}
{"name":"myapp","hostname":"DESKTOP-R5LL4IC","pid":1284,"level":30,"msg":"This is an informational message.","time":"2023-08-11T15:08:04.002Z","v":0}
{"name":"myapp","hostname":"DESKTOP-R5LL4IC","pid":1284,"level":30,"msg":"This is an informational message.","time":"2023-08-11T15:08:07.840Z","v":0}
{"name":"myapp","hostname":"DESKTOP-R5LL4IC","pid":1284,"level":30,"msg":"This is an informational message.","time":"2023-08-11T15:08:10.567Z","v":0}
{"name":"myapp","hostname":"DESKTOP-R5LL4IC","pid":1284,"level":30,"msg":"This is an informational message.","time":"2023-08-11T15:11:38.023Z","v":0}
{"name":"myapp","hostname":"DESKTOP-R5LL4IC","pid":1284,"level":30,"msg":"This is an informational message.","time":"2023-08-11T15:13:06.206Z","v":0}
{"name":"myapp","hostname":"DESKTOP-R5LL4IC","pid":1284,"level":30,"msg":"This is an informational message.","time":"2023-08-11T15:13:29.207Z","v":0}
{"name":"myapp","hostname":"DESKTOP-R5LL4IC","pid":1284,"level":30,"msg":"This is an informational message.","time":"2023-08-11T15:13:37.950Z","v":0}
{"name":"myapp","hostname":"DESKTOP-R5LL4IC","pid":1284,"level":30,"msg":"This is an informational message.","time":"2023-08-11T15:13:41.049Z","v":0}
{"name":"myapp","hostname":"DESKTOP-R5LL4IC","pid":1284,"level":30,"msg":"This is an informational message.","time":"2023-08-11T15:13:43.755Z","v":0}
{"name":"myapp","hostname":"DESKTOP-R5LL4IC","pid":23928,"level":30,"msg":"This is an informational message.","time":"2023-08-14T08:10:34.251Z","v":0}
{"name":"myapp","hostname":"DESKTOP-R5LL4IC","pid":23928,"level":30,"msg":"This is an informational message.","time":"2023-08-14T08:10:54.279Z","v":0}
{"name":"myapp","hostname":"DESKTOP-R5LL4IC","pid":23928,"level":30,"msg":"This is an informational message.","time":"2023-08-14T08:11:15.083Z","v":0}
{"name":"myapp","hostname":"DESKTOP-R5LL4IC","pid":23928,"level":30,"msg":"This is an informational message.","time":"2023-08-14T08:11:25.386Z","v":0}
{"name":"myapp","hostname":"DESKTOP-R5LL4IC","pid":23928,"level":30,"msg":"call webhook...","time":"2023-08-14T08:13:33.839Z","v":0}
{"name":"myapp","hostname":"DESKTOP-R5LL4IC","pid":23928,"level":30,"msg":"call webhook...","time":"2023-08-14T08:14:12.553Z","v":0}
{"name":"myapp","hostname":"DESKTOP-R5LL4IC","pid":23928,"level":30,"msg":"call webhook...","time":"2023-08-14T08:14:26.445Z","v":0}
{"name":"myapp","hostname":"DESKTOP-R5LL4IC","pid":23928,"level":30,"msg":"call webhook...","time":"2023-08-14T08:14:32.165Z","v":0}
{"name":"myapp","hostname":"DESKTOP-R5LL4IC","pid":23928,"level":30,"msg":"call webhook...","time":"2023-08-14T08:14:51.005Z","v":0}
{"name":"myapp","hostname":"DESKTOP-R5LL4IC","pid":8584,"level":30,"msg":"call webhook...","time":"2023-08-14T08:22:51.681Z","v":0}
{"name":"myapp","hostname":"DESKTOP-R5LL4IC","pid":8584,"level":30,"msg":"WEBHOOK_VERIFIED","time":"2023-08-14T08:22:51.687Z","v":0}
{"name":"myapp","hostname":"DESKTOP-R5LL4IC","pid":8584,"level":30,"msg":"call webhook... {\n  object: 'page',\n  entry: [\n    { id: '104218646104798', time: 1692001527196, messaging: [Array] }\n  ]\n}","time":"2023-08-14T08:25:28.914Z","v":0}
{"name":"myapp","hostname":"DESKTOP-R5LL4IC","pid":8584,"level":30,"msg":"entry  {\n  id: '104218646104798',\n  time: 1692001527196,\n  messaging: [\n    {\n      sender: [Object],\n      recipient: [Object],\n      timestamp: 1692001526720,\n      message: [Object]\n    }\n  ]\n}","time":"2023-08-14T08:25:28.914Z","v":0}
{"name":"myapp","hostname":"DESKTOP-R5LL4IC","pid":8584,"level":30,"sender":{"id":"5619408078162721"},"recipient":{"id":"104218646104798"},"timestamp":1692001526720,"message":{"mid":"m_2kRqBCGq48_0cIzl8RR2k61k4VCjvXtIuWxXegvBtT6GQFflVtfLu_n-NHDJWzN2U3-0SG5GLhVB6JaWbFv-Hw","text":"test","nlp":{"intents":[],"entities":{},"traits":{"wit$sentiment":[{"id":"5ac2b50a-44e4-466e-9d49-bad6bd40092c","value":"neutral","confidence":0.6777}]},"detected_locales":[{"locale":"en_XX","confidence":0.7394}]}},"msg":"","time":"2023-08-14T08:25:28.914Z","v":0}
{"name":"myapp","hostname":"DESKTOP-R5LL4IC","pid":8584,"level":30,"msg":"Sender PSID: 5619408078162721","time":"2023-08-14T08:25:28.914Z","v":0}
{"name":"myapp","hostname":"DESKTOP-R5LL4IC","pid":8584,"level":30,"msg":"call send api...","time":"2023-08-14T08:25:28.914Z","v":0}
{"name":"myapp","hostname":"DESKTOP-R5LL4IC","pid":8584,"level":30,"msg":"Message sent!","time":"2023-08-14T08:25:31.191Z","v":0}
{"name":"myapp","hostname":"DESKTOP-R5LL4IC","pid":8584,"level":30,"msg":"call webhook... {\n  object: 'page',\n  entry: [\n    { id: '104218646104798', time: 1692001578338, messaging: [Array] }\n  ]\n}","time":"2023-08-14T08:26:19.070Z","v":0}
{"name":"myapp","hostname":"DESKTOP-R5LL4IC","pid":8584,"level":30,"msg":"entry  {\n  id: '104218646104798',\n  time: 1692001578338,\n  messaging: [\n    {\n      sender: [Object],\n      recipient: [Object],\n      timestamp: 1692001577825,\n      message: [Object]\n    }\n  ]\n}","time":"2023-08-14T08:26:19.070Z","v":0}
{"name":"myapp","hostname":"DESKTOP-R5LL4IC","pid":8584,"level":30,"sender":{"id":"5619408078162721"},"recipient":{"id":"104218646104798"},"timestamp":1692001577825,"message":{"mid":"m_CTGTN_4mbFKvpT9jOIltrK1k4VCjvXtIuWxXegvBtT7FwCDgkleR5v0CIZns1D5Prtm_YY8XVYO3WBWmbh63xw","attachments":[{"type":"image","payload":{"url":"https://scontent.xx.fbcdn.net/v/t1.15752-9/367409529_278811458113012_3603294915559811541_n.jpg?_nc_cat=109&ccb=1-7&_nc_sid=b65b05&_nc_ohc=KSlkeHXp9X0AX_g9DE8&_nc_ad=z-m&_nc_cid=0&_nc_ht=scontent.xx&oh=03_AdSOYhnx1vIsPQfTvNNtYJXuCInzUuOwC1PAM8ju6JW_9g&oe=65016AD8"}}]},"msg":"","time":"2023-08-14T08:26:19.071Z","v":0}
{"name":"myapp","hostname":"DESKTOP-R5LL4IC","pid":8584,"level":30,"msg":"Sender PSID: 5619408078162721","time":"2023-08-14T08:26:19.071Z","v":0}
{"name":"myapp","hostname":"DESKTOP-R5LL4IC","pid":8584,"level":30,"msg":"call send api...","time":"2023-08-14T08:26:19.072Z","v":0}
{"name":"myapp","hostname":"DESKTOP-R5LL4IC","pid":8584,"level":30,"msg":"Message sent!","time":"2023-08-14T08:26:20.811Z","v":0}
{"name":"myapp","hostname":"DESKTOP-R5LL4IC","pid":8584,"level":30,"msg":"call webhook... {\n  object: 'page',\n  entry: [\n    { id: '104218646104798', time: 1692001587183, messaging: [Array] }\n  ]\n}","time":"2023-08-14T08:26:27.755Z","v":0}
{"name":"myapp","hostname":"DESKTOP-R5LL4IC","pid":8584,"level":30,"msg":"entry  {\n  id: '104218646104798',\n  time: 1692001587183,\n  messaging: [\n    {\n      sender: [Object],\n      recipient: [Object],\n      timestamp: 1692001586764,\n      postback: [Object]\n    }\n  ]\n}","time":"2023-08-14T08:26:27.756Z","v":0}
{"name":"myapp","hostname":"DESKTOP-R5LL4IC","pid":8584,"level":30,"sender":{"id":"5619408078162721"},"recipient":{"id":"104218646104798"},"timestamp":1692001586764,"postback":{"title":"Yes!","payload":"yes","mid":"m_FpGt1EdR0bfPbJ90fU_iHa1k4VCjvXtIuWxXegvBtT7ula68_qHzc9yPmKptqn4596ldte8jM_6YZV4AejWOVw"},"msg":"","time":"2023-08-14T08:26:27.756Z","v":0}
{"name":"myapp","hostname":"DESKTOP-R5LL4IC","pid":8584,"level":30,"msg":"Sender PSID: 5619408078162721","time":"2023-08-14T08:26:27.756Z","v":0}
{"name":"myapp","hostname":"DESKTOP-R5LL4IC","pid":8584,"level":30,"msg":"call send api...","time":"2023-08-14T08:26:27.757Z","v":0}
{"name":"myapp","hostname":"DESKTOP-R5LL4IC","pid":8584,"level":30,"msg":"Message sent!","time":"2023-08-14T08:26:29.637Z","v":0}
{"name":"myapp","hostname":"DESKTOP-R5LL4IC","pid":8584,"level":30,"msg":"call webhook... {\n  object: 'page',\n  entry: [\n    { id: '104218646104798', time: 1692001609296, messaging: [Array] }\n  ]\n}","time":"2023-08-14T08:26:50.176Z","v":0}
{"name":"myapp","hostname":"DESKTOP-R5LL4IC","pid":8584,"level":30,"msg":"entry  {\n  id: '104218646104798',\n  time: 1692001609296,\n  messaging: [\n    {\n      sender: [Object],\n      recipient: [Object],\n      timestamp: 1692001608973,\n      message: [Object]\n    }\n  ]\n}","time":"2023-08-14T08:26:50.178Z","v":0}
{"name":"myapp","hostname":"DESKTOP-R5LL4IC","pid":8584,"level":30,"sender":{"id":"5619408078162721"},"recipient":{"id":"104218646104798"},"timestamp":1692001608973,"message":{"mid":"m_djn0z4MB0zNH-8q5BmpgCq1k4VCjvXtIuWxXegvBtT5h2N07HL9CaRDNBP7IEyPE6OOLYSSh-UVushuHiLQ_3g","text":"hi","nlp":{"intents":[],"entities":{},"traits":{"wit$greetings":[{"id":"5900cc2d-41b7-45b2-b21f-b950d3ae3c5c","value":"true","confidence":0.9999}],"wit$sentiment":[{"id":"5ac2b50a-44e4-466e-9d49-bad6bd40092c","value":"positive","confidence":0.7336}]},"detected_locales":[{"locale":"hi_IN","confidence":0.3852}]}},"msg":"","time":"2023-08-14T08:26:50.178Z","v":0}
{"name":"myapp","hostname":"DESKTOP-R5LL4IC","pid":8584,"level":30,"msg":"Sender PSID: 5619408078162721","time":"2023-08-14T08:26:50.178Z","v":0}
{"name":"myapp","hostname":"DESKTOP-R5LL4IC","pid":8584,"level":30,"msg":"call send api...","time":"2023-08-14T08:26:50.178Z","v":0}
{"name":"myapp","hostname":"DESKTOP-R5LL4IC","pid":8584,"level":30,"msg":"Message sent!","time":"2023-08-14T08:26:51.527Z","v":0}
{"name":"myapp","hostname":"DESKTOP-R5LL4IC","pid":8584,"level":30,"msg":"call webhook... {\n  object: 'page',\n  entry: [\n    { id: '104218646104798', time: 1692001859196, messaging: [Array] }\n  ]\n}","time":"2023-08-14T08:31:00.157Z","v":0}
{"name":"myapp","hostname":"DESKTOP-R5LL4IC","pid":8584,"level":30,"msg":"entry  {\n  id: '104218646104798',\n  time: 1692001859196,\n  messaging: [\n    {\n      sender: [Object],\n      recipient: [Object],\n      timestamp: 1692001858873,\n      message: [Object]\n    }\n  ]\n}","time":"2023-08-14T08:31:00.158Z","v":0}
{"name":"myapp","hostname":"DESKTOP-R5LL4IC","pid":8584,"level":30,"sender":{"id":"5619408078162721"},"recipient":{"id":"104218646104798"},"timestamp":1692001858873,"message":{"mid":"m_YkKAPC3Ys9rpjiA5Qce-wa1k4VCjvXtIuWxXegvBtT6IO__N16KsJi9s8zWyovcxebiiYbGC5_vV9xXsnPZRKA","text":"hi","nlp":{"intents":[],"entities":{},"traits":{"wit$greetings":[{"id":"5900cc2d-41b7-45b2-b21f-b950d3ae3c5c","value":"true","confidence":0.9999}],"wit$sentiment":[{"id":"5ac2b50a-44e4-466e-9d49-bad6bd40092c","value":"positive","confidence":0.7336}]},"detected_locales":[{"locale":"en_XX","confidence":0.6013}]}},"msg":"","time":"2023-08-14T08:31:00.158Z","v":0}
{"name":"myapp","hostname":"DESKTOP-R5LL4IC","pid":8584,"level":30,"msg":"Sender PSID: 5619408078162721","time":"2023-08-14T08:31:00.158Z","v":0}
{"name":"myapp","hostname":"DESKTOP-R5LL4IC","pid":8584,"level":30,"msg":"call send api...","time":"2023-08-14T08:31:00.158Z","v":0}
{"name":"myapp","hostname":"DESKTOP-R5LL4IC","pid":8584,"level":30,"msg":"call webhook... {\n  object: 'page',\n  entry: [\n    { id: '104218646104798', time: 1692001919880, messaging: [Array] }\n  ]\n}","time":"2023-08-14T08:32:00.722Z","v":0}
{"name":"myapp","hostname":"DESKTOP-R5LL4IC","pid":8584,"level":30,"msg":"entry  {\n  id: '104218646104798',\n  time: 1692001919880,\n  messaging: [\n    {\n      sender: [Object],\n      recipient: [Object],\n      timestamp: 1692001919316,\n      message: [Object]\n    }\n  ]\n}","time":"2023-08-14T08:32:00.725Z","v":0}
{"name":"myapp","hostname":"DESKTOP-R5LL4IC","pid":8584,"level":30,"sender":{"id":"5619408078162721"},"recipient":{"id":"104218646104798"},"timestamp":1692001919316,"message":{"mid":"m_p12i9IS7ZyXQ1LMlTXp0SK1k4VCjvXtIuWxXegvBtT5niR4qsFy5WkYF-zbJuhXlFB1neLRokwIP8rzlqk5O5A","attachments":[{"type":"image","payload":{"url":"https://scontent.xx.fbcdn.net/v/t1.15752-9/358159383_718775560052964_3964665588672137223_n.png?_nc_cat=100&ccb=1-7&_nc_sid=b65b05&_nc_ohc=YL63rqZkcmgAX9XJ_YU&_nc_ad=z-m&_nc_cid=0&_nc_ht=scontent.xx&oh=03_AdRbi-P_PA9rcrDKDKkT1AfjEHMMzXwEsI1KfMjMJp54gA&oe=6501680B"}}]},"msg":"","time":"2023-08-14T08:32:00.726Z","v":0}
{"name":"myapp","hostname":"DESKTOP-R5LL4IC","pid":8584,"level":30,"msg":"Sender PSID: 5619408078162721","time":"2023-08-14T08:32:00.726Z","v":0}
{"name":"myapp","hostname":"DESKTOP-R5LL4IC","pid":8584,"level":30,"msg":"call send api...","time":"2023-08-14T08:32:00.726Z","v":0}
{"name":"myapp","hostname":"DESKTOP-R5LL4IC","pid":8584,"level":30,"msg":"Message sent!","time":"2023-08-14T08:32:01.750Z","v":0}
{"name":"myapp","hostname":"DESKTOP-R5LL4IC","pid":8584,"level":30,"msg":"call webhook... {\n  object: 'page',\n  entry: [\n    { id: '104218646104798', time: 1692001931243, messaging: [Array] }\n  ]\n}","time":"2023-08-14T08:32:12.004Z","v":0}
{"name":"myapp","hostname":"DESKTOP-R5LL4IC","pid":8584,"level":30,"msg":"entry  {\n  id: '104218646104798',\n  time: 1692001931243,\n  messaging: [\n    {\n      sender: [Object],\n      recipient: [Object],\n      timestamp: 1692001930969,\n      postback: [Object]\n    }\n  ]\n}","time":"2023-08-14T08:32:12.005Z","v":0}
{"name":"myapp","hostname":"DESKTOP-R5LL4IC","pid":8584,"level":30,"sender":{"id":"5619408078162721"},"recipient":{"id":"104218646104798"},"timestamp":1692001930969,"postback":{"title":"Yes!","payload":"yes","mid":"m_XK_keudJ87-b2QapFTYTOK1k4VCjvXtIuWxXegvBtT6mix-XhTtMAsWPtK2NF1vqyMt-RJKEnllIGy2x_XzeDg"},"msg":"","time":"2023-08-14T08:32:12.005Z","v":0}
{"name":"myapp","hostname":"DESKTOP-R5LL4IC","pid":8584,"level":30,"msg":"Sender PSID: 5619408078162721","time":"2023-08-14T08:32:12.005Z","v":0}
{"name":"myapp","hostname":"DESKTOP-R5LL4IC","pid":8584,"level":30,"msg":"call send api...","time":"2023-08-14T08:32:12.005Z","v":0}
{"name":"myapp","hostname":"DESKTOP-R5LL4IC","pid":8584,"level":30,"msg":"Message sent!","time":"2023-08-14T08:32:12.910Z","v":0}
{"name":"myapp","hostname":"DESKTOP-R5LL4IC","pid":8584,"level":30,"msg":"call webhook... {\n  object: 'page',\n  entry: [\n    { id: '104218646104798', time: 1692001937673, messaging: [Array] }\n  ]\n}","time":"2023-08-14T08:32:18.520Z","v":0}
{"name":"myapp","hostname":"DESKTOP-R5LL4IC","pid":8584,"level":30,"msg":"entry  {\n  id: '104218646104798',\n  time: 1692001937673,\n  messaging: [\n    {\n      sender: [Object],\n      recipient: [Object],\n      timestamp: 1692001937322,\n      message: [Object]\n    }\n  ]\n}","time":"2023-08-14T08:32:18.522Z","v":0}
{"name":"myapp","hostname":"DESKTOP-R5LL4IC","pid":8584,"level":30,"sender":{"id":"5619408078162721"},"recipient":{"id":"104218646104798"},"timestamp":1692001937322,"message":{"mid":"m_S7YCVDgx9e-H9WbsRteGlK1k4VCjvXtIuWxXegvBtT50mxw_a4yL0IlsOA7V2g1qdIo3ZJ_TcU4WO5ylXFiiCA","text":"hi","nlp":{"intents":[],"entities":{},"traits":{"wit$greetings":[{"id":"5900cc2d-41b7-45b2-b21f-b950d3ae3c5c","value":"true","confidence":0.9999}],"wit$sentiment":[{"id":"5ac2b50a-44e4-466e-9d49-bad6bd40092c","value":"positive","confidence":0.7336}]},"detected_locales":[{"locale":"hi_IN","confidence":0.3852}]}},"msg":"","time":"2023-08-14T08:32:18.522Z","v":0}
{"name":"myapp","hostname":"DESKTOP-R5LL4IC","pid":8584,"level":30,"msg":"Sender PSID: 5619408078162721","time":"2023-08-14T08:32:18.522Z","v":0}
{"name":"myapp","hostname":"DESKTOP-R5LL4IC","pid":8584,"level":30,"msg":"call send api...","time":"2023-08-14T08:32:18.522Z","v":0}
{"name":"myapp","hostname":"DESKTOP-R5LL4IC","pid":8584,"level":30,"msg":"Message sent!","time":"2023-08-14T08:32:19.501Z","v":0}
{"name":"myapp","hostname":"DESKTOP-R5LL4IC","pid":8584,"level":30,"msg":"call webhook... {\n  object: 'page',\n  entry: [\n    { id: '104218646104798', time: 1692002388865, messaging: [Array] }\n  ]\n}","time":"2023-08-14T08:39:49.780Z","v":0}
{"name":"myapp","hostname":"DESKTOP-R5LL4IC","pid":8584,"level":30,"msg":"entry  {\n  id: '104218646104798',\n  time: 1692002388865,\n  messaging: [\n    {\n      sender: [Object],\n      recipient: [Object],\n      timestamp: 1692002388448,\n      message: [Object]\n    }\n  ]\n}","time":"2023-08-14T08:39:49.780Z","v":0}
{"name":"myapp","hostname":"DESKTOP-R5LL4IC","pid":8584,"level":30,"sender":{"id":"5619408078162721"},"recipient":{"id":"104218646104798"},"timestamp":1692002388448,"message":{"mid":"m_yGiVwAmbZiUYsKo3n5_-pq1k4VCjvXtIuWxXegvBtT5dyopOvtBoUSPCQ5XssAMASp-xV6ex5Nfz8JsWvyQi3g","text":"hi","nlp":{"intents":[],"entities":{},"traits":{"wit$greetings":[{"id":"5900cc2d-41b7-45b2-b21f-b950d3ae3c5c","value":"true","confidence":0.9999}],"wit$sentiment":[{"id":"5ac2b50a-44e4-466e-9d49-bad6bd40092c","value":"positive","confidence":0.7336}]},"detected_locales":[{"locale":"hi_IN","confidence":0.3852}]}},"msg":"","time":"2023-08-14T08:39:49.780Z","v":0}
{"name":"myapp","hostname":"DESKTOP-R5LL4IC","pid":8584,"level":30,"msg":"Sender PSID: 5619408078162721","time":"2023-08-14T08:39:49.780Z","v":0}
{"name":"myapp","hostname":"DESKTOP-R5LL4IC","pid":8584,"level":30,"msg":"call send api...","time":"2023-08-14T08:39:49.780Z","v":0}
{"name":"myapp","hostname":"DESKTOP-R5LL4IC","pid":8584,"level":30,"msg":"Message sent!","time":"2023-08-14T08:39:51.312Z","v":0}
{"name":"myapp","hostname":"DESKTOP-R5LL4IC","pid":8584,"level":30,"msg":"call webhook... {\n  object: 'page',\n  entry: [\n    { id: '104218646104798', time: 1692004411835, messaging: [Array] }\n  ]\n}","time":"2023-08-14T09:13:32.714Z","v":0}
{"name":"myapp","hostname":"DESKTOP-R5LL4IC","pid":8584,"level":30,"msg":"entry  {\n  id: '104218646104798',\n  time: 1692004411835,\n  messaging: [\n    {\n      sender: [Object],\n      recipient: [Object],\n      timestamp: 1692004411531,\n      message: [Object]\n    }\n  ]\n}","time":"2023-08-14T09:13:32.714Z","v":0}
{"name":"myapp","hostname":"DESKTOP-R5LL4IC","pid":8584,"level":30,"sender":{"id":"5619408078162721"},"recipient":{"id":"104218646104798"},"timestamp":1692004411531,"message":{"mid":"m_8seH47N6uS-9Tk-ioEhxA61k4VCjvXtIuWxXegvBtT5oveqbkmUnbhXUMUvYK0XTQryvzWsGZQLs8AN4fwXgFQ","text":"hi","nlp":{"intents":[],"entities":{},"traits":{"wit$greetings":[{"id":"5900cc2d-41b7-45b2-b21f-b950d3ae3c5c","value":"true","confidence":0.9999}],"wit$sentiment":[{"id":"5ac2b50a-44e4-466e-9d49-bad6bd40092c","value":"positive","confidence":0.7336}]},"detected_locales":[{"locale":"hi_IN","confidence":0.3852}]}},"msg":"","time":"2023-08-14T09:13:32.714Z","v":0}
{"name":"myapp","hostname":"DESKTOP-R5LL4IC","pid":8584,"level":30,"msg":"Sender PSID: 5619408078162721","time":"2023-08-14T09:13:32.714Z","v":0}
{"name":"myapp","hostname":"DESKTOP-R5LL4IC","pid":8584,"level":30,"msg":"call send api...","time":"2023-08-14T09:13:32.715Z","v":0}
{"name":"myapp","hostname":"DESKTOP-R5LL4IC","pid":8584,"level":30,"msg":"Message sent!","time":"2023-08-14T09:13:34.149Z","v":0}
{"name":"myapp","hostname":"DESKTOP-R5LL4IC","pid":8584,"level":30,"msg":"call webhook... {\n  object: 'page',\n  entry: [\n    { id: '104218646104798', time: 1692004425682, messaging: [Array] }\n  ]\n}","time":"2023-08-14T09:13:46.965Z","v":0}
{"name":"myapp","hostname":"DESKTOP-R5LL4IC","pid":8584,"level":30,"msg":"entry  {\n  id: '104218646104798',\n  time: 1692004425682,\n  messaging: [\n    {\n      sender: [Object],\n      recipient: [Object],\n      timestamp: 1692004425088,\n      message: [Object]\n    }\n  ]\n}","time":"2023-08-14T09:13:46.965Z","v":0}
{"name":"myapp","hostname":"DESKTOP-R5LL4IC","pid":8584,"level":30,"sender":{"id":"5619408078162721"},"recipient":{"id":"104218646104798"},"timestamp":1692004425088,"message":{"mid":"m_LN45n2GsUaPfxqyKYBTMgq1k4VCjvXtIuWxXegvBtT6EmYDsS6nMOzjLPIWQbxPqiP2lRKUV20ZuoGdsXOSRdA","attachments":[{"type":"image","payload":{"url":"https://scontent.xx.fbcdn.net/v/t1.15752-9/358159383_718775560052964_3964665588672137223_n.png?_nc_cat=100&ccb=1-7&_nc_sid=b65b05&_nc_ohc=YL63rqZkcmgAX9XJ_YU&_nc_ad=z-m&_nc_cid=0&_nc_ht=scontent.xx&oh=03_AdRbi-P_PA9rcrDKDKkT1AfjEHMMzXwEsI1KfMjMJp54gA&oe=6501680B"}}]},"msg":"","time":"2023-08-14T09:13:46.965Z","v":0}
{"name":"myapp","hostname":"DESKTOP-R5LL4IC","pid":8584,"level":30,"msg":"Sender PSID: 5619408078162721","time":"2023-08-14T09:13:46.965Z","v":0}
{"name":"myapp","hostname":"DESKTOP-R5LL4IC","pid":8584,"level":30,"msg":"call send api...","time":"2023-08-14T09:13:46.965Z","v":0}
{"name":"myapp","hostname":"DESKTOP-R5LL4IC","pid":8584,"level":30,"msg":"Message sent!","time":"2023-08-14T09:13:48.394Z","v":0}
{"name":"myapp","hostname":"DESKTOP-R5LL4IC","pid":8584,"level":30,"msg":"call webhook... {\n  object: 'page',\n  entry: [\n    { id: '104218646104798', time: 1692004434846, messaging: [Array] }\n  ]\n}","time":"2023-08-14T09:13:55.398Z","v":0}
{"name":"myapp","hostname":"DESKTOP-R5LL4IC","pid":8584,"level":30,"msg":"entry  {\n  id: '104218646104798',\n  time: 1692004434846,\n  messaging: [\n    {\n      sender: [Object],\n      recipient: [Object],\n      timestamp: 1692004434402,\n      postback: [Object]\n    }\n  ]\n}","time":"2023-08-14T09:13:55.399Z","v":0}
{"name":"myapp","hostname":"DESKTOP-R5LL4IC","pid":8584,"level":30,"sender":{"id":"5619408078162721"},"recipient":{"id":"104218646104798"},"timestamp":1692004434402,"postback":{"title":"No!","payload":"no","mid":"m_a3MkbU_cdLEEPpmn1BOLRq1k4VCjvXtIuWxXegvBtT7oL1z8HunvYkXmZxuDqiegcuHaekj50w7MyxtJprnrLA"},"msg":"","time":"2023-08-14T09:13:55.399Z","v":0}
{"name":"myapp","hostname":"DESKTOP-R5LL4IC","pid":8584,"level":30,"msg":"Sender PSID: 5619408078162721","time":"2023-08-14T09:13:55.399Z","v":0}
{"name":"myapp","hostname":"DESKTOP-R5LL4IC","pid":8584,"level":30,"msg":"call send api...","time":"2023-08-14T09:13:55.399Z","v":0}
{"name":"myapp","hostname":"DESKTOP-R5LL4IC","pid":8584,"level":30,"msg":"Message sent!","time":"2023-08-14T09:13:56.763Z","v":0}
{"name":"myapp","hostname":"DESKTOP-R5LL4IC","pid":8584,"level":30,"msg":"call webhook... {\n  object: 'page',\n  entry: [\n    { id: '104218646104798', time: 1692004443710, messaging: [Array] }\n  ]\n}","time":"2023-08-14T09:14:04.521Z","v":0}
{"name":"myapp","hostname":"DESKTOP-R5LL4IC","pid":8584,"level":30,"msg":"entry  {\n  id: '104218646104798',\n  time: 1692004443710,\n  messaging: [\n    {\n      sender: [Object],\n      recipient: [Object],\n      timestamp: 1692004443255,\n      postback: [Object]\n    }\n  ]\n}","time":"2023-08-14T09:14:04.522Z","v":0}
{"name":"myapp","hostname":"DESKTOP-R5LL4IC","pid":8584,"level":30,"sender":{"id":"5619408078162721"},"recipient":{"id":"104218646104798"},"timestamp":1692004443255,"postback":{"title":"Yes!","payload":"yes","mid":"m_fhUFyxf0mw0B5N6JOvDcLq1k4VCjvXtIuWxXegvBtT59Yj-os5tyAowB4nTnGbKQiDjDIQFE4Z9qf-9PAIFHAA"},"msg":"","time":"2023-08-14T09:14:04.522Z","v":0}
{"name":"myapp","hostname":"DESKTOP-R5LL4IC","pid":8584,"level":30,"msg":"Sender PSID: 5619408078162721","time":"2023-08-14T09:14:04.522Z","v":0}
{"name":"myapp","hostname":"DESKTOP-R5LL4IC","pid":8584,"level":30,"msg":"call send api...","time":"2023-08-14T09:14:04.522Z","v":0}
{"name":"myapp","hostname":"DESKTOP-R5LL4IC","pid":8584,"level":30,"msg":"Message sent!","time":"2023-08-14T09:14:05.431Z","v":0}
{"name":"myapp","hostname":"DESKTOP-R5LL4IC","pid":11288,"level":30,"msg":"call webhook... {\n  object: 'page',\n  entry: [\n    { id: '104218646104798', time: 1692004592998, messaging: [Array] }\n  ]\n}","time":"2023-08-14T09:16:33.978Z","v":0}
{"name":"myapp","hostname":"DESKTOP-R5LL4IC","pid":11288,"level":30,"msg":"entry  {\n  id: '104218646104798',\n  time: 1692004592998,\n  messaging: [\n    {\n      sender: [Object],\n      recipient: [Object],\n      timestamp: 1692004592644,\n      message: [Object]\n    }\n  ]\n}","time":"2023-08-14T09:16:33.979Z","v":0}
{"name":"myapp","hostname":"DESKTOP-R5LL4IC","pid":11288,"level":30,"sender":{"id":"5619408078162721"},"recipient":{"id":"104218646104798"},"timestamp":1692004592644,"message":{"mid":"m_PnSZkmH2xnppzUwTmv3MJK1k4VCjvXtIuWxXegvBtT6qTPiAbMFgqrQ7Bd0KiVclxDVN7V69wmLyB0bLVw_2Kg","text":"manao ahoana ry se!","nlp":{"intents":[],"entities":{},"traits":{"wit$sentiment":[{"id":"5ac2b50a-44e4-466e-9d49-bad6bd40092c","value":"positive","confidence":0.5895}]},"detected_locales":[{"locale":"mg_MG","confidence":1}]}},"msg":"","time":"2023-08-14T09:16:33.979Z","v":0}
{"name":"myapp","hostname":"DESKTOP-R5LL4IC","pid":11288,"level":30,"msg":"Sender PSID: 5619408078162721","time":"2023-08-14T09:16:33.979Z","v":0}
{"name":"myapp","hostname":"DESKTOP-R5LL4IC","pid":11288,"level":30,"msg":"call send api...","time":"2023-08-14T09:16:33.979Z","v":0}
{"name":"myapp","hostname":"DESKTOP-R5LL4IC","pid":11288,"level":30,"msg":"Message sent!","time":"2023-08-14T09:16:35.705Z","v":0}
{"name":"myapp","hostname":"DESKTOP-R5LL4IC","pid":11288,"level":30,"msg":"call webhook... {\n  object: 'page',\n  entry: [\n    { id: '104218646104798', time: 1692004717365, messaging: [Array] }\n  ]\n}","time":"2023-08-14T09:18:38.897Z","v":0}
{"name":"myapp","hostname":"DESKTOP-R5LL4IC","pid":11288,"level":30,"msg":"entry  {\n  id: '104218646104798',\n  time: 1692004717365,\n  messaging: [\n    {\n      sender: [Object],\n      recipient: [Object],\n      timestamp: 1692004717013,\n      message: [Object]\n    }\n  ]\n}","time":"2023-08-14T09:18:38.898Z","v":0}
{"name":"myapp","hostname":"DESKTOP-R5LL4IC","pid":11288,"level":30,"sender":{"id":"5619408078162721"},"recipient":{"id":"104218646104798"},"timestamp":1692004717013,"message":{"mid":"m_XqYQ2IpcTBrpSSJTu4huk61k4VCjvXtIuWxXegvBtT6wytofb1g38C21PwEgnnJ9-ac6wJGckP3Nyu7OJbs5jw","text":"kay le, mande ihany ty ny farany","nlp":{"intents":[],"entities":{"wit$location:location":[{"id":"624173841772436","name":"wit$location","role":"location","start":20,"end":32,"body":"ty ny farany","confidence":0.8881,"entities":{},"suggested":true,"value":"ty ny farany","type":"value"}]},"traits":{"wit$sentiment":[{"id":"5ac2b50a-44e4-466e-9d49-bad6bd40092c","value":"neutral","confidence":0.7623}]},"detected_locales":[{"locale":"mg_MG","confidence":0.9998}]}},"msg":"","time":"2023-08-14T09:18:38.898Z","v":0}
{"name":"myapp","hostname":"DESKTOP-R5LL4IC","pid":11288,"level":30,"msg":"Sender PSID: 5619408078162721","time":"2023-08-14T09:18:38.898Z","v":0}
{"name":"myapp","hostname":"DESKTOP-R5LL4IC","pid":11288,"level":30,"msg":"call send api...","time":"2023-08-14T09:18:38.899Z","v":0}
{"name":"myapp","hostname":"DESKTOP-R5LL4IC","pid":11288,"level":30,"msg":"Message sent!","time":"2023-08-14T09:18:40.558Z","v":0}
{"name":"myapp","hostname":"DESKTOP-R5LL4IC","pid":11288,"level":30,"msg":"call webhook... {\n  object: 'page',\n  entry: [\n    { id: '104218646104798', time: 1692005226165, messaging: [Array] }\n  ]\n}","time":"2023-08-14T09:27:06.967Z","v":0}
{"name":"myapp","hostname":"DESKTOP-R5LL4IC","pid":11288,"level":30,"msg":"entry  {\n  id: '104218646104798',\n  time: 1692005226165,\n  messaging: [\n    {\n      sender: [Object],\n      recipient: [Object],\n      timestamp: 1692005225841,\n      message: [Object]\n    }\n  ]\n}","time":"2023-08-14T09:27:06.968Z","v":0}
{"name":"myapp","hostname":"DESKTOP-R5LL4IC","pid":11288,"level":30,"sender":{"id":"5619408078162721"},"recipient":{"id":"104218646104798"},"timestamp":1692005225841,"message":{"mid":"m_bcH3U5NBLrxzNaNSrcpE7q1k4VCjvXtIuWxXegvBtT6IegFBpRIt6HcXvd20B7bAsaHsb112SJJGAvpX_rkkKA","text":"mande","nlp":{"intents":[],"entities":{},"traits":{"wit$sentiment":[{"id":"5ac2b50a-44e4-466e-9d49-bad6bd40092c","value":"neutral","confidence":0.5796}]},"detected_locales":[{"locale":"mg_MG","confidence":0.8244}]}},"msg":"","time":"2023-08-14T09:27:06.969Z","v":0}
{"name":"myapp","hostname":"DESKTOP-R5LL4IC","pid":11288,"level":30,"msg":"Sender PSID: 5619408078162721","time":"2023-08-14T09:27:06.969Z","v":0}
{"name":"myapp","hostname":"DESKTOP-R5LL4IC","pid":11288,"level":30,"msg":"call send api...","time":"2023-08-14T09:27:06.969Z","v":0}
{"name":"myapp","hostname":"DESKTOP-R5LL4IC","pid":11288,"level":30,"msg":"Message sent!","time":"2023-08-14T09:27:07.949Z","v":0}
{"name":"myapp","hostname":"DESKTOP-R5LL4IC","pid":11288,"level":30,"msg":"call webhook... {\n  object: 'page',\n  entry: [\n    { id: '104218646104798', time: 1692009941957, messaging: [Array] }\n  ]\n}","time":"2023-08-14T10:45:42.889Z","v":0}
{"name":"myapp","hostname":"DESKTOP-R5LL4IC","pid":11288,"level":30,"msg":"entry  {\n  id: '104218646104798',\n  time: 1692009941957,\n  messaging: [\n    {\n      sender: [Object],\n      recipient: [Object],\n      timestamp: 1692009941666,\n      message: [Object]\n    }\n  ]\n}","time":"2023-08-14T10:45:42.891Z","v":0}
{"name":"myapp","hostname":"DESKTOP-R5LL4IC","pid":11288,"level":30,"sender":{"id":"5619408078162721"},"recipient":{"id":"104218646104798"},"timestamp":1692009941666,"message":{"mid":"m_7DCqkp2HBylfFV22PRLPwq1k4VCjvXtIuWxXegvBtT7dmINDMvLFmSSyGgLD5MyxFanDcFtjlYYpMJxuq6L5kA","text":"yes","nlp":{"intents":[],"entities":{},"traits":{},"detected_locales":[{"locale":"en_XX","confidence":0.8616}]}},"msg":"","time":"2023-08-14T10:45:42.891Z","v":0}
{"name":"myapp","hostname":"DESKTOP-R5LL4IC","pid":11288,"level":30,"msg":"Sender PSID: 5619408078162721","time":"2023-08-14T10:45:42.891Z","v":0}
{"name":"myapp","hostname":"DESKTOP-R5LL4IC","pid":11288,"level":30,"msg":"call send api...","time":"2023-08-14T10:45:42.892Z","v":0}
{"name":"myapp","hostname":"DESKTOP-R5LL4IC","pid":11288,"level":30,"msg":"Message sent!","time":"2023-08-14T10:45:45.208Z","v":0}
{"name":"myapp","hostname":"DESKTOP-R5LL4IC","pid":22644,"level":30,"msg":"call webhook... {\n  object: 'page',\n  entry: [\n    { id: '104218646104798', time: 1692012094168, messaging: [Array] }\n  ]\n}","time":"2023-08-14T11:21:35.172Z","v":0}
{"name":"myapp","hostname":"DESKTOP-R5LL4IC","pid":22644,"level":30,"msg":"entry  {\n  id: '104218646104798',\n  time: 1692012094168,\n  messaging: [\n    {\n      sender: [Object],\n      recipient: [Object],\n      timestamp: 1692012093485,\n      message: [Object]\n    }\n  ]\n}","time":"2023-08-14T11:21:35.173Z","v":0}
{"name":"myapp","hostname":"DESKTOP-R5LL4IC","pid":22644,"level":30,"sender":{"id":"5619408078162721"},"recipient":{"id":"104218646104798"},"timestamp":1692012093485,"message":{"mid":"m_jxcoI1f3Eoe-kF4_Hza_gq1k4VCjvXtIuWxXegvBtT5BtrudhLYPFH_mneZZJsGp4l7myq6WhNAAJRS-Kkj63g","attachments":[{"type":"image","payload":{"url":"https://scontent.xx.fbcdn.net/v/t1.15752-9/367409529_278811458113012_3603294915559811541_n.jpg?_nc_cat=109&ccb=1-7&_nc_sid=b65b05&_nc_ohc=KSlkeHXp9X0AX_g9DE8&_nc_ad=z-m&_nc_cid=0&_nc_ht=scontent.xx&oh=03_AdSOYhnx1vIsPQfTvNNtYJXuCInzUuOwC1PAM8ju6JW_9g&oe=65016AD8"}}]},"msg":"","time":"2023-08-14T11:21:35.175Z","v":0}
{"name":"myapp","hostname":"DESKTOP-R5LL4IC","pid":22644,"level":30,"msg":"Sender PSID: 5619408078162721","time":"2023-08-14T11:21:35.175Z","v":0}
{"name":"myapp","hostname":"DESKTOP-R5LL4IC","pid":22644,"level":30,"msg":"call send api...","time":"2023-08-14T11:21:35.175Z","v":0}
{"name":"myapp","hostname":"DESKTOP-R5LL4IC","pid":22644,"level":30,"msg":"Message sent!","time":"2023-08-14T11:21:38.079Z","v":0}
{"name":"myapp","hostname":"DESKTOP-R5LL4IC","pid":28576,"level":30,"msg":"call webhook... {\n  object: 'page',\n  entry: [\n    { id: '104218646104798', time: 1692012282050, messaging: [Array] }\n  ]\n}","time":"2023-08-14T11:24:42.988Z","v":0}
{"name":"myapp","hostname":"DESKTOP-R5LL4IC","pid":28576,"level":30,"msg":"entry  {\n  id: '104218646104798',\n  time: 1692012282050,\n  messaging: [\n    {\n      sender: [Object],\n      recipient: [Object],\n      timestamp: 1692012281353,\n      message: [Object]\n    }\n  ]\n}","time":"2023-08-14T11:24:42.989Z","v":0}
{"name":"myapp","hostname":"DESKTOP-R5LL4IC","pid":28576,"level":30,"sender":{"id":"5619408078162721"},"recipient":{"id":"104218646104798"},"timestamp":1692012281353,"message":{"mid":"m_y2uOww115EgsPGpKgLUEtq1k4VCjvXtIuWxXegvBtT7v88eugK4qEA5DUvduodIz7lUeqbpTcal5VblKaDpSGg","attachments":[{"type":"image","payload":{"url":"https://scontent.xx.fbcdn.net/v/t1.15752-9/358159383_718775560052964_3964665588672137223_n.png?_nc_cat=100&ccb=1-7&_nc_sid=b65b05&_nc_ohc=YL63rqZkcmgAX9XJ_YU&_nc_ad=z-m&_nc_cid=0&_nc_ht=scontent.xx&oh=03_AdRbi-P_PA9rcrDKDKkT1AfjEHMMzXwEsI1KfMjMJp54gA&oe=6501680B"}}]},"msg":"","time":"2023-08-14T11:24:42.989Z","v":0}
{"name":"myapp","hostname":"DESKTOP-R5LL4IC","pid":28576,"level":30,"msg":"Sender PSID: 5619408078162721","time":"2023-08-14T11:24:42.989Z","v":0}
{"name":"myapp","hostname":"DESKTOP-R5LL4IC","pid":28576,"level":30,"msg":"call send api...","time":"2023-08-14T11:24:42.989Z","v":0}
{"name":"myapp","hostname":"DESKTOP-R5LL4IC","pid":28576,"level":30,"msg":"Message sent!","time":"2023-08-14T11:24:55.737Z","v":0}
{"name":"myapp","hostname":"DESKTOP-R5LL4IC","pid":28576,"level":30,"msg":"call webhook... {\n  object: 'page',\n  entry: [\n    { id: '104218646104798', time: 1692012346565, messaging: [Array] }\n  ]\n}","time":"2023-08-14T11:25:48.480Z","v":0}
{"name":"myapp","hostname":"DESKTOP-R5LL4IC","pid":28576,"level":30,"msg":"entry  {\n  id: '104218646104798',\n  time: 1692012346565,\n  messaging: [\n    {\n      sender: [Object],\n      recipient: [Object],\n      timestamp: 1692012345899,\n      message: [Object]\n    }\n  ]\n}","time":"2023-08-14T11:25:48.480Z","v":0}
{"name":"myapp","hostname":"DESKTOP-R5LL4IC","pid":28576,"level":30,"sender":{"id":"5619408078162721"},"recipient":{"id":"104218646104798"},"timestamp":1692012345899,"message":{"mid":"m_ZNrHoedJcEdwYJ7ZMgydZK1k4VCjvXtIuWxXegvBtT5sNFiaWgmEeF31GIsknm5gA56GcnsbqlIQtLyjgReE1A","attachments":[{"type":"image","payload":{"url":"https://scontent.xx.fbcdn.net/v/t1.15752-9/367434432_848364216657618_5416421167648743474_n.png?_nc_cat=104&ccb=1-7&_nc_sid=b65b05&_nc_ohc=xbbRzKvnJxgAX8NvdF_&_nc_ad=z-m&_nc_cid=0&_nc_ht=scontent.xx&oh=03_AdRXyEGxiZuFDuIO0Nv9GmGxJN9VWQCG2b9gNp8VxsLoqQ&oe=650165B1"}}]},"msg":"","time":"2023-08-14T11:25:48.480Z","v":0}
{"name":"myapp","hostname":"DESKTOP-R5LL4IC","pid":28576,"level":30,"msg":"Sender PSID: 5619408078162721","time":"2023-08-14T11:25:48.480Z","v":0}
{"name":"myapp","hostname":"DESKTOP-R5LL4IC","pid":28576,"level":30,"msg":"call send api...","time":"2023-08-14T11:25:48.481Z","v":0}
{"name":"myapp","hostname":"DESKTOP-R5LL4IC","pid":28576,"level":30,"msg":"Message sent!","time":"2023-08-14T11:26:07.243Z","v":0}
{"name":"myapp","hostname":"DESKTOP-R5LL4IC","pid":24652,"level":30,"msg":"call webhook... {\n  object: 'page',\n  entry: [\n    { id: '104218646104798', time: 1692012399839, messaging: [Array] }\n  ]\n}","time":"2023-08-14T11:26:40.787Z","v":0}
{"name":"myapp","hostname":"DESKTOP-R5LL4IC","pid":24652,"level":30,"msg":"entry  {\n  id: '104218646104798',\n  time: 1692012399839,\n  messaging: [\n    {\n      sender: [Object],\n      recipient: [Object],\n      timestamp: 1692012399273,\n      message: [Object]\n    }\n  ]\n}","time":"2023-08-14T11:26:40.788Z","v":0}
{"name":"myapp","hostname":"DESKTOP-R5LL4IC","pid":24652,"level":30,"sender":{"id":"5619408078162721"},"recipient":{"id":"104218646104798"},"timestamp":1692012399273,"message":{"mid":"m_5SZiIOSYGPGBqFbuYPM_JK1k4VCjvXtIuWxXegvBtT5vKOyiKyOYCqhGKRtnvDdWxlK4KmSmqiSEfdGHu0Wh0A","attachments":[{"type":"image","payload":{"url":"https://scontent.xx.fbcdn.net/v/t1.15752-9/367434432_848364216657618_5416421167648743474_n.png?_nc_cat=104&ccb=1-7&_nc_sid=b65b05&_nc_ohc=xbbRzKvnJxgAX8NvdF_&_nc_ad=z-m&_nc_cid=0&_nc_ht=scontent.xx&oh=03_AdRXyEGxiZuFDuIO0Nv9GmGxJN9VWQCG2b9gNp8VxsLoqQ&oe=650165B1"}}]},"msg":"","time":"2023-08-14T11:26:40.788Z","v":0}
{"name":"myapp","hostname":"DESKTOP-R5LL4IC","pid":24652,"level":30,"msg":"Sender PSID: 5619408078162721","time":"2023-08-14T11:26:40.788Z","v":0}
{"name":"myapp","hostname":"DESKTOP-R5LL4IC","pid":24652,"level":30,"msg":"call send api...","time":"2023-08-14T11:26:40.788Z","v":0}
{"name":"myapp","hostname":"DESKTOP-R5LL4IC","pid":24652,"level":30,"msg":"Message sent!","time":"2023-08-14T11:26:42.571Z","v":0}
{"name":"myapp","hostname":"DESKTOP-R5LL4IC","pid":1684,"level":30,"msg":"call webhook... {\n  object: 'page',\n  entry: [\n    { id: '104218646104798', time: 1692012548907, messaging: [Array] }\n  ]\n}","time":"2023-08-14T11:29:09.911Z","v":0}
{"name":"myapp","hostname":"DESKTOP-R5LL4IC","pid":1684,"level":30,"msg":"entry  {\n  id: '104218646104798',\n  time: 1692012548907,\n  messaging: [\n    {\n      sender: [Object],\n      recipient: [Object],\n      timestamp: 1692012548338,\n      message: [Object]\n    }\n  ]\n}","time":"2023-08-14T11:29:09.912Z","v":0}
{"name":"myapp","hostname":"DESKTOP-R5LL4IC","pid":1684,"level":30,"sender":{"id":"5619408078162721"},"recipient":{"id":"104218646104798"},"timestamp":1692012548338,"message":{"mid":"m_njmU5ujURNY2v-A0OeTnsq1k4VCjvXtIuWxXegvBtT7U4G3UImxVVPU0XVgiMTehU3AhqJ0cuj0PNqLiFtWBlQ","attachments":[{"type":"image","payload":{"url":"https://scontent.xx.fbcdn.net/v/t1.15752-9/358159383_718775560052964_3964665588672137223_n.png?_nc_cat=100&ccb=1-7&_nc_sid=b65b05&_nc_ohc=YL63rqZkcmgAX9XJ_YU&_nc_ad=z-m&_nc_cid=0&_nc_ht=scontent.xx&oh=03_AdRbi-P_PA9rcrDKDKkT1AfjEHMMzXwEsI1KfMjMJp54gA&oe=6501680B"}}]},"msg":"","time":"2023-08-14T11:29:09.913Z","v":0}
{"name":"myapp","hostname":"DESKTOP-R5LL4IC","pid":1684,"level":30,"msg":"Sender PSID: 5619408078162721","time":"2023-08-14T11:29:09.913Z","v":0}
{"name":"myapp","hostname":"DESKTOP-R5LL4IC","pid":1684,"level":30,"msg":"call send api...","time":"2023-08-14T11:29:09.913Z","v":0}
{"name":"myapp","hostname":"DESKTOP-R5LL4IC","pid":1684,"level":30,"msg":"Message sent!","time":"2023-08-14T11:29:23.732Z","v":0}
{"name":"myapp","hostname":"DESKTOP-R5LL4IC","pid":14384,"level":30,"msg":"call webhook... {\n  object: 'page',\n  entry: [\n    { id: '104218646104798', time: 1692013078988, messaging: [Array] }\n  ]\n}","time":"2023-08-14T11:37:59.989Z","v":0}
{"name":"myapp","hostname":"DESKTOP-R5LL4IC","pid":14384,"level":30,"msg":"entry  {\n  id: '104218646104798',\n  time: 1692013078988,\n  messaging: [\n    {\n      sender: [Object],\n      recipient: [Object],\n      timestamp: 1692013078380,\n      message: [Object]\n    }\n  ]\n}","time":"2023-08-14T11:37:59.991Z","v":0}
{"name":"myapp","hostname":"DESKTOP-R5LL4IC","pid":14384,"level":30,"sender":{"id":"5619408078162721"},"recipient":{"id":"104218646104798"},"timestamp":1692013078380,"message":{"mid":"m_22PBtlWJa41qP38j3oK0Ua1k4VCjvXtIuWxXegvBtT5M0Pua1gPPq5ngrAjnWq6Fi6dlxpqxrK_O_Nbkj9QpWA","attachments":[{"type":"image","payload":{"url":"https://scontent.xx.fbcdn.net/v/t1.15752-9/358159383_718775560052964_3964665588672137223_n.png?_nc_cat=100&ccb=1-7&_nc_sid=b65b05&_nc_ohc=YL63rqZkcmgAX9XJ_YU&_nc_ad=z-m&_nc_cid=0&_nc_ht=scontent.xx&oh=03_AdRbi-P_PA9rcrDKDKkT1AfjEHMMzXwEsI1KfMjMJp54gA&oe=6501680B"}}]},"msg":"","time":"2023-08-14T11:37:59.991Z","v":0}
{"name":"myapp","hostname":"DESKTOP-R5LL4IC","pid":14384,"level":30,"msg":"Sender PSID: 5619408078162721","time":"2023-08-14T11:37:59.991Z","v":0}
{"name":"myapp","hostname":"DESKTOP-R5LL4IC","pid":14384,"level":30,"msg":"call send api...","time":"2023-08-14T11:37:59.992Z","v":0}
{"name":"myapp","hostname":"DESKTOP-R5LL4IC","pid":14384,"level":30,"msg":"Message sent!","time":"2023-08-14T11:39:15.135Z","v":0}
{"name":"myapp","hostname":"DESKTOP-R5LL4IC","pid":17704,"level":30,"msg":"call webhook... {\n  object: 'page',\n  entry: [\n    { id: '104218646104798', time: 1692014002836, messaging: [Array] }\n  ]\n}","time":"2023-08-14T11:53:23.859Z","v":0}
{"name":"myapp","hostname":"DESKTOP-R5LL4IC","pid":17704,"level":30,"msg":"entry  {\n  id: '104218646104798',\n  time: 1692014002836,\n  messaging: [\n    {\n      sender: [Object],\n      recipient: [Object],\n      timestamp: 1692014002499,\n      message: [Object]\n    }\n  ]\n}","time":"2023-08-14T11:53:23.860Z","v":0}
{"name":"myapp","hostname":"DESKTOP-R5LL4IC","pid":17704,"level":30,"sender":{"id":"5619408078162721"},"recipient":{"id":"104218646104798"},"timestamp":1692014002499,"message":{"mid":"m_tAlGPTSfW4ZV3dCG1UiM0a1k4VCjvXtIuWxXegvBtT6lyRLdkJ-oVq202tZX1xlhGltq53uu4nDIBSIHDsqFNw","text":"aiza e","nlp":{"intents":[],"entities":{},"traits":{"wit$sentiment":[{"id":"5ac2b50a-44e4-466e-9d49-bad6bd40092c","value":"neutral","confidence":0.6501}]},"detected_locales":[{"locale":"mg_MG","confidence":0.9714}]}},"msg":"","time":"2023-08-14T11:53:23.861Z","v":0}
{"name":"myapp","hostname":"DESKTOP-R5LL4IC","pid":17704,"level":30,"msg":"Sender PSID: 5619408078162721","time":"2023-08-14T11:53:23.861Z","v":0}
{"name":"myapp","hostname":"DESKTOP-R5LL4IC","pid":17704,"level":30,"msg":"call send api...","time":"2023-08-14T11:53:23.861Z","v":0}
{"name":"myapp","hostname":"DESKTOP-R5LL4IC","pid":17704,"level":30,"msg":"Message sent!","time":"2023-08-14T11:53:25.603Z","v":0}
{"name":"myapp","hostname":"DESKTOP-R5LL4IC","pid":12412,"level":30,"msg":"call webhook... {\n  object: 'page',\n  entry: [\n    { id: '104218646104798', time: 1692014159673, messaging: [Array] }\n  ]\n}","time":"2023-08-14T11:56:00.394Z","v":0}
{"name":"myapp","hostname":"DESKTOP-R5LL4IC","pid":12412,"level":30,"msg":"entry  {\n  id: '104218646104798',\n  time: 1692014159673,\n  messaging: [\n    {\n      sender: [Object],\n      recipient: [Object],\n      timestamp: 1692014158950,\n      message: [Object]\n    }\n  ]\n}","time":"2023-08-14T11:56:00.397Z","v":0}
{"name":"myapp","hostname":"DESKTOP-R5LL4IC","pid":12412,"level":30,"sender":{"id":"5619408078162721"},"recipient":{"id":"104218646104798"},"timestamp":1692014158950,"message":{"mid":"m_A6cm9Qu0zS1DggbDCyMRR61k4VCjvXtIuWxXegvBtT49aSb2cDEp_NxG-N11L7uWDhrum23a933VBY8PrISTjg","attachments":[{"type":"image","payload":{"url":"https://scontent.xx.fbcdn.net/v/t1.15752-9/367409529_278811458113012_3603294915559811541_n.jpg?_nc_cat=109&ccb=1-7&_nc_sid=b65b05&_nc_ohc=KSlkeHXp9X0AX_g9DE8&_nc_ad=z-m&_nc_cid=0&_nc_ht=scontent.xx&oh=03_AdS3ukUMccbqxScLSdWhncog-J-uiFY-PLmvkHCqsOZ-DA&oe=6501A318"}}]},"msg":"","time":"2023-08-14T11:56:00.397Z","v":0}
{"name":"myapp","hostname":"DESKTOP-R5LL4IC","pid":12412,"level":30,"msg":"Sender PSID: 5619408078162721","time":"2023-08-14T11:56:00.397Z","v":0}
{"name":"myapp","hostname":"DESKTOP-R5LL4IC","pid":12412,"level":30,"msg":"call send api...","time":"2023-08-14T11:56:00.397Z","v":0}
{"name":"myapp","hostname":"DESKTOP-R5LL4IC","pid":12412,"level":30,"msg":"call send api...","time":"2023-08-14T11:56:00.406Z","v":0}
{"name":"myapp","hostname":"DESKTOP-R5LL4IC","pid":12412,"level":30,"msg":"Message sent!","time":"2023-08-14T11:56:01.642Z","v":0}
{"name":"myapp","hostname":"DESKTOP-R5LL4IC","pid":12412,"level":30,"msg":"Message sent!","time":"2023-08-14T11:56:13.056Z","v":0}
{"name":"myapp","hostname":"DESKTOP-R5LL4IC","pid":14380,"level":30,"msg":"This is an informational message.","time":"2023-08-14T12:46:54.180Z","v":0}
{"name":"myapp","hostname":"DESKTOP-R5LL4IC","pid":8460,"level":30,"msg":"This is an informational message.","time":"2023-08-14T12:48:21.091Z","v":0}
{"name":"myapp","hostname":"DESKTOP-R5LL4IC","pid":25956,"level":30,"msg":"This is an informational message.","time":"2023-08-14T12:50:26.615Z","v":0}
{"name":"myapp","hostname":"DESKTOP-R5LL4IC","pid":5548,"level":30,"msg":"This is an informational message.","time":"2023-08-14T12:50:47.014Z","v":0}
{"name":"myapp","hostname":"DESKTOP-R5LL4IC","pid":6340,"level":30,"msg":"This is an informational message.","time":"2023-08-14T12:51:09.023Z","v":0}
{"name":"myapp","hostname":"DESKTOP-R5LL4IC","pid":6340,"level":30,"msg":"call webhook...","time":"2023-08-14T14:36:21.789Z","v":0}
{"name":"myapp","hostname":"DESKTOP-R5LL4IC","pid":6340,"level":30,"msg":"WEBHOOK_VERIFIED","time":"2023-08-14T14:36:21.793Z","v":0}
{"name":"myapp","hostname":"DESKTOP-R5LL4IC","pid":6340,"level":30,"msg":"call webhook... {\n  object: 'page',\n  entry: [\n    { id: '104218646104798', time: 1692023797197, messaging: [Array] }\n  ]\n}","time":"2023-08-14T14:36:38.660Z","v":0}
{"name":"myapp","hostname":"DESKTOP-R5LL4IC","pid":6340,"level":30,"msg":"entry  {\n  id: '104218646104798',\n  time: 1692023797197,\n  messaging: [\n    {\n      sender: [Object],\n      recipient: [Object],\n      timestamp: 1692023796701,\n      message: [Object]\n    }\n  ]\n}","time":"2023-08-14T14:36:38.660Z","v":0}
{"name":"myapp","hostname":"DESKTOP-R5LL4IC","pid":6340,"level":30,"sender":{"id":"5619408078162721"},"recipient":{"id":"104218646104798"},"timestamp":1692023796701,"message":{"mid":"m_weKRuavUW0FQ-du09pT3t61k4VCjvXtIuWxXegvBtT7DIznH52mjLRspQckn74hGqfEJMNGF9ctctDWU_wnLYQ","text":"de aona ary","nlp":{"intents":[],"entities":{},"traits":{"wit$sentiment":[{"id":"5ac2b50a-44e4-466e-9d49-bad6bd40092c","value":"neutral","confidence":0.5669}]},"detected_locales":[{"locale":"mg_MG","confidence":0.9724}]}},"msg":"","time":"2023-08-14T14:36:38.660Z","v":0}
{"name":"myapp","hostname":"DESKTOP-R5LL4IC","pid":6340,"level":30,"msg":"Sender PSID: 5619408078162721","time":"2023-08-14T14:36:38.660Z","v":0}
{"name":"myapp","hostname":"DESKTOP-R5LL4IC","pid":6340,"level":30,"msg":"call send api...","time":"2023-08-14T14:36:38.660Z","v":0}
{"name":"myapp","hostname":"DESKTOP-R5LL4IC","pid":6340,"level":30,"msg":"Message sent!","time":"2023-08-14T14:36:40.691Z","v":0}
{"name":"myapp","hostname":"DESKTOP-R5LL4IC","pid":6340,"level":30,"msg":"call webhook... {\n  object: 'page',\n  entry: [\n    { id: '104218646104798', time: 1692023816017, messaging: [Array] }\n  ]\n}","time":"2023-08-14T14:36:56.528Z","v":0}
{"name":"myapp","hostname":"DESKTOP-R5LL4IC","pid":6340,"level":30,"msg":"entry  {\n  id: '104218646104798',\n  time: 1692023816017,\n  messaging: [\n    {\n      sender: [Object],\n      recipient: [Object],\n      timestamp: 1692023815410,\n      message: [Object]\n    }\n  ]\n}","time":"2023-08-14T14:36:56.529Z","v":0}
{"name":"myapp","hostname":"DESKTOP-R5LL4IC","pid":6340,"level":30,"sender":{"id":"5619408078162721"},"recipient":{"id":"104218646104798"},"timestamp":1692023815410,"message":{"mid":"m_ztqH4Vv_yEGkfW2KGHXmkK1k4VCjvXtIuWxXegvBtT4HtO7_OePtOY90EhAe1Jqz_tcWGLHHMrudtY7JTlePMQ","attachments":[{"type":"image","payload":{"url":"https://scontent.xx.fbcdn.net/v/t1.15752-9/367409529_278811458113012_3603294915559811541_n.jpg?_nc_cat=109&ccb=1-7&_nc_sid=b65b05&_nc_ohc=KSlkeHXp9X0AX_g9DE8&_nc_ad=z-m&_nc_cid=0&_nc_ht=scontent.xx&oh=03_AdS3ukUMccbqxScLSdWhncog-J-uiFY-PLmvkHCqsOZ-DA&oe=6501A318"}}]},"msg":"","time":"2023-08-14T14:36:56.529Z","v":0}
{"name":"myapp","hostname":"DESKTOP-R5LL4IC","pid":6340,"level":30,"msg":"Sender PSID: 5619408078162721","time":"2023-08-14T14:36:56.529Z","v":0}
{"name":"myapp","hostname":"DESKTOP-R5LL4IC","pid":6340,"level":30,"msg":"call send api...","time":"2023-08-14T14:36:56.529Z","v":0}
{"name":"myapp","hostname":"DESKTOP-R5LL4IC","pid":6340,"level":30,"msg":"call send api...","time":"2023-08-14T14:36:56.530Z","v":0}
{"name":"myapp","hostname":"DESKTOP-R5LL4IC","pid":6340,"level":30,"msg":"Message sent!","time":"2023-08-14T14:36:57.481Z","v":0}
{"name":"myapp","hostname":"DESKTOP-R5LL4IC","pid":6340,"level":30,"msg":"Message sent!","time":"2023-08-14T14:37:06.540Z","v":0}
